<?xml version="1.0" encoding="UTF-8"?>
<testng-results ignored="0" total="2" passed="2" failed="0" skipped="0">
  <reporter-output>
  </reporter-output>
  <suite started-at="2022-08-28T10:56:22Z" name="Suite" finished-at="2022-08-28T10:57:08Z" duration-ms="46216">
    <groups>
    </groups>
    <test started-at="2022-08-28T10:56:22Z" name="Login Test" finished-at="2022-08-28T10:56:26Z" duration-ms="4272">
      <class name="testCases.LoginTest">
        <test-method signature="loginTest()[pri:1, instance:testCases.LoginTest@6a4ccef7]" started-at="2022-08-28T10:56:22Z" name="loginTest" finished-at="2022-08-28T10:56:26Z" duration-ms="4169" status="PASS">
          <reporter-output>
          </reporter-output>
        </test-method> <!-- loginTest -->
      </class> <!-- testCases.LoginTest -->
    </test> <!-- Login Test -->
    <test started-at="2022-08-28T10:56:26Z" name="Test" finished-at="2022-08-28T10:57:08Z" duration-ms="41847">
      <class name="testCases.ProductPage">
        <test-method signature="productPage()[pri:0, instance:testCases.ProductPage@6ecdbab8]" started-at="2022-08-28T10:56:26Z" name="productPage" finished-at="2022-08-28T10:57:08Z" duration-ms="41847" status="PASS">
          <reporter-output>
          </reporter-output>
        </test-method> <!-- productPage -->
      </class> <!-- testCases.ProductPage -->
    </test> <!-- Test -->
  </suite> <!-- Suite -->
</testng-results>
