<?xml version="1.0" encoding="UTF-8"?>
<testng-results ignored="0" total="2" passed="2" failed="0" skipped="0">
  <reporter-output>
  </reporter-output>
  <suite started-at="2022-08-08T11:10:00Z" name="Suite" finished-at="2022-08-08T11:10:09Z" duration-ms="9104">
    <groups>
    </groups>
    <test started-at="2022-08-08T11:10:00Z" name="Login Test" finished-at="2022-08-08T11:10:07Z" duration-ms="6782">
      <class name="testCases.LoginTest">
        <test-method signature="loginTest()[pri:1, instance:testCases.LoginTest@640cc04b]" started-at="2022-08-08T11:10:00Z" name="loginTest" finished-at="2022-08-08T11:10:07Z" duration-ms="6602" status="PASS">
          <reporter-output>
          </reporter-output>
        </test-method> <!-- loginTest -->
      </class> <!-- testCases.LoginTest -->
    </test> <!-- Login Test -->
    <test started-at="2022-08-08T11:10:07Z" name="Test" finished-at="2022-08-08T11:10:09Z" duration-ms="1841">
      <class name="testCases.ProductPage">
        <test-method signature="productPage()[pri:0, instance:testCases.ProductPage@5ad1904f]" started-at="2022-08-08T11:10:07Z" name="productPage" finished-at="2022-08-08T11:10:09Z" duration-ms="1833" status="PASS">
          <reporter-output>
          </reporter-output>
        </test-method> <!-- productPage -->
      </class> <!-- testCases.ProductPage -->
    </test> <!-- Test -->
  </suite> <!-- Suite -->
</testng-results>
